<?xml version="1.0" encoding="UTF-8"?>
<!-- Generated by org.testng.reporters.JUnitReportReporter -->
<testsuite hostname="MRUTUNJAY" failures="0" tests="1" name="com.testcase.EmbibeLogin" time="30.776" errors="0" timestamp="2023-07-11T18:16:16 IST" skipped="0">
  <testcase classname="com.testcase.EmbibeLogin" name="loginEmbibe" time="30.776"/>
  <system-out/>
</testsuite> <!-- com.testcase.EmbibeLogin -->
