<?xml version="1.0" encoding="UTF-8"?>
<!-- Generated by org.testng.reporters.JUnitReportReporter -->
<testsuite hostname="MRUTUNJAY" failures="0" tests="1" name="com.testcase.B" time="0.015" errors="0" timestamp="2023-07-19T01:27:39 IST" skipped="0">
  <testcase classname="com.testcase.B" name="test2" time="0.015"/>
  <system-out/>
</testsuite> <!-- com.testcase.B -->
