<?xml version="1.0" encoding="UTF-8"?>
<!-- Generated by org.testng.reporters.JUnitReportReporter -->
<testsuite hostname="MRUTUNJAY" failures="0" tests="1" name="com.DemoProject.FindBrokenLinks" time="338.425" errors="0" timestamp="2023-04-27T22:54:26 IST" skipped="0">
  <testcase classname="com.DemoProject.FindBrokenLinks" name="set" time="338.425"/>
  <system-out/>
</testsuite> <!-- com.DemoProject.FindBrokenLinks -->
