<?xml version="1.0" encoding="UTF-8"?>
<!-- Generated by org.testng.reporters.JUnitReportReporter -->
<testsuite hostname="MRUTUNJAY" failures="0" tests="1" name="com.DemoProject.MainTest" time="10.803" errors="0" timestamp="2022-12-27T23:50:51 IST" skipped="0">
  <testcase classname="com.DemoProject.MainTest" name="setUp" time="10.803"/>
  <system-out/>
</testsuite> <!-- com.DemoProject.MainTest -->
