<?xml version="1.0" encoding="UTF-8"?>
<!-- Generated by org.testng.reporters.JUnitReportReporter -->
<testsuite hostname="MRUTUNJAY" failures="0" tests="1" name="com.testcase.AddToCart" time="11.749" errors="0" timestamp="2023-07-20T13:15:55 IST" skipped="0">
  <testcase classname="com.testcase.AddToCart" name="addToCart" time="11.749"/>
  <system-out/>
</testsuite> <!-- com.testcase.AddToCart -->
