<?xml version="1.0" encoding="UTF-8"?>
<!-- Generated by org.testng.reporters.JUnitReportReporter -->
<testsuite hostname="MRUTUNJAY" failures="0" tests="1" name="com.seleniumlocators.GetCssValue_Methods" time="5.894" errors="0" timestamp="2023-05-12T16:16:50 IST" skipped="0">
  <testcase classname="com.seleniumlocators.GetCssValue_Methods" name="getCssvalues" time="5.894"/>
  <system-out/>
</testsuite> <!-- com.seleniumlocators.GetCssValue_Methods -->
