<?xml version="1.0" encoding="UTF-8"?>
<!-- Generated by org.testng.reporters.JUnitReportReporter -->
<testsuite hostname="MRUTUNJAY" failures="0" tests="1" name="com.DemoProject.MainTest" time="14.739" errors="0" timestamp="2023-03-27T12:49:21 IST" skipped="0">
  <testcase classname="com.DemoProject.MainTest" name="setUp" time="14.739"/>
  <system-out/>
</testsuite> <!-- com.DemoProject.MainTest -->
