<?xml version="1.0" encoding="UTF-8"?>
<!-- Generated by org.testng.reporters.JUnitReportReporter -->
<testsuite hostname="MRUTUNJAY" failures="0" tests="1" name="com.testcase.A" time="0.004" errors="0" timestamp="2023-07-19T01:27:39 IST" skipped="0">
  <testcase classname="com.testcase.A" name="test1" time="0.004"/>
  <system-out/>
</testsuite> <!-- com.testcase.A -->
